<?xml version="1.0" encoding="utf-8"?><testsuites name="pytest tests"><testsuite name="pytest" errors="0" failures="0" skipped="0" tests="21" time="9.087" timestamp="2026-01-13T06:30:51.844605+00:00" hostname="agent-env-24e52c5b-d09b-4b74-87f0-fc896ec9cd6c"><testcase classname="tests.test_backend_api.TestHealthAndAuth" name="test_admin_login_success" time="0.351" /><testcase classname="tests.test_backend_api.TestHealthAndAuth" name="test_guard_login_success" time="0.293" /><testcase classname="tests.test_backend_api.TestHealthAndAuth" name="test_login_invalid_credentials" time="0.056" /><testcase classname="tests.test_backend_api.TestHealthAndAuth" name="test_auth_me_endpoint" time="0.357" /><testcase classname="tests.test_backend_api.TestDashboardStats" name="test_dashboard_stats" time="0.352" /><testcase classname="tests.test_backend_api.TestDashboardStats" name="test_vehicle_status" time="0.353" /><testcase classname="tests.test_backend_api.TestVehicleManagement" name="test_get_all_vehicles" time="0.348" /><testcase classname="tests.test_backend_api.TestVehicleManagement" name="test_create_vehicle_and_verify" time="0.407" /><testcase classname="tests.test_backend_api.TestVehicleManagement" name="test_create_duplicate_vehicle_fails" time="0.392" /><testcase classname="tests.test_backend_api.TestVehicleManagement" name="test_guard_cannot_create_vehicle" time="0.635" /><testcase classname="tests.test_backend_api.TestVisitorRegistration" name="test_get_active_visitors" time="0.354" /><testcase classname="tests.test_backend_api.TestVisitorRegistration" name="test_register_visitor" time="0.344" /><testcase classname="tests.test_backend_api.TestScanningEndpoint" name="test_scan_entry" time="0.698" /><testcase classname="tests.test_backend_api.TestScanningEndpoint" name="test_scan_exit_after_entry" time="0.766" /><testcase classname="tests.test_backend_api.TestScanningEndpoint" name="test_scan_unknown_vehicle" time="0.722" /><testcase classname="tests.test_backend_api.TestEntryExitLogs" name="test_get_logs" time="0.387" /><testcase classname="tests.test_backend_api.TestDatabaseViewer" name="test_get_collections" time="0.347" /><testcase classname="tests.test_backend_api.TestDatabaseViewer" name="test_get_collection_data" time="0.343" /><testcase classname="tests.test_backend_api.TestDatabaseViewer" name="test_guard_cannot_access_database" time="0.628" /><testcase classname="tests.test_backend_api.TestDatabaseViewer" name="test_update_document" time="0.402" /><testcase classname="tests.test_backend_api.TestSyncEndpoint" name="test_sync_empty_data" time="0.343" /></testsuite></testsuites>